2025-11-29 23:27:56 [WARNING] Latencia elevada detectada
2025-11-29 23:27:56 [INFO] Petición procesada
2025-11-29 23:27:56 [WARNING] Reintento de conexión
2025-11-29 23:27:56 [INFO] Usuario autenticado correctamente
2025-11-29 23:27:56 [WARNING] Reintento de conexión
2025-11-29 23:27:56 [WARNING] Latencia elevada detectada
2025-11-29 23:27:56 [INFO] Usuario autenticado correctamente
2025-11-29 23:27:56 [WARNING] Uso de memoria sobre el 70%
2025-11-29 23:27:56 [INFO] Conexión establecida
2025-11-29 23:27:56 [INFO] Petición procesada
2025-11-29 23:27:56 [ERROR] Tiempo de espera agotado
2025-11-29 23:27:56 [WARNING] Uso de memoria sobre el 70%
2025-11-29 23:27:56 [INFO] Conexión establecida
2025-11-29 23:27:56 [WARNING] Latencia elevada detectada
2025-11-29 23:27:56 [ERROR] No se pudo conectar al servidor
2025-11-29 23:27:56 [WARNING] Reintento de conexión
2025-11-29 23:27:56 [WARNING] Reintento de conexión
2025-11-29 23:27:56 [ERROR] No se pudo conectar al servidor
2025-11-29 23:27:56 [ERROR] No se pudo conectar al servidor
2025-11-29 23:27:56 [ERROR] No se pudo conectar al servidor
2025-11-29 23:27:56 [WARNING] Latencia elevada detectada
2025-11-29 23:27:56 [WARNING] Latencia elevada detectada
2025-11-29 23:27:56 [INFO] Conexión establecida
2025-11-29 23:27:56 [WARNING] Latencia elevada detectada
2025-11-29 23:27:56 [WARNING] Uso de memoria sobre el 70%
2025-11-29 23:27:56 [ERROR] Fallo en lectura de archivo
2025-11-29 23:27:56 [INFO] Petición procesada
2025-11-29 23:27:56 [WARNING] Uso de memoria sobre el 70%
2025-11-29 23:27:56 [INFO] Petición procesada
2025-11-29 23:27:56 [ERROR] Fallo en lectura de archivo
2025-11-29 23:27:56 [ERROR] No se pudo conectar al servidor
2025-11-29 23:27:56 [INFO] Conexión establecida
2025-11-29 23:27:56 [WARNING] Uso de memoria sobre el 70%
2025-11-29 23:27:56 [WARNING] Latencia elevada detectada
2025-11-29 23:27:56 [INFO] Conexión establecida
2025-11-29 23:27:56 [WARNING] Reintento de conexión
2025-11-29 23:27:56 [WARNING] Latencia elevada detectada
2025-11-29 23:27:56 [WARNING] Reintento de conexión
2025-11-29 23:27:56 [ERROR] Tiempo de espera agotado
2025-11-29 23:27:56 [ERROR] Fallo en lectura de archivo
2025-11-29 23:27:56 [INFO] Conexión establecida
2025-11-29 23:27:56 [WARNING] Reintento de conexión
2025-11-29 23:27:56 [INFO] Usuario autenticado correctamente
2025-11-29 23:27:56 [INFO] Usuario autenticado correctamente
2025-11-29 23:27:56 [WARNING] Uso de memoria sobre el 70%
2025-11-29 23:27:56 [ERROR] Fallo en lectura de archivo
2025-11-29 23:27:56 [INFO] Usuario autenticado correctamente
2025-11-29 23:27:56 [WARNING] Reintento de conexión
2025-11-29 23:27:56 [INFO] Petición procesada
2025-11-29 23:27:56 [INFO] Usuario autenticado correctamente
2025-11-29 23:27:56 [ERROR] Fallo en lectura de archivo
2025-11-29 23:27:56 [INFO] Conexión establecida
2025-11-29 23:27:56 [WARNING] Reintento de conexión
2025-11-29 23:27:56 [INFO] Conexión establecida
2025-11-29 23:27:56 [WARNING] Latencia elevada detectada
2025-11-29 23:27:56 [ERROR] No se pudo conectar al servidor
2025-11-29 23:27:56 [INFO] Usuario autenticado correctamente
2025-11-29 23:27:56 [WARNING] Latencia elevada detectada
2025-11-29 23:27:56 [ERROR] Tiempo de espera agotado
2025-11-29 23:27:56 [INFO] Conexión establecida
2025-11-29 23:27:56 [ERROR] Fallo en lectura de archivo
2025-11-29 23:27:56 [INFO] Usuario autenticado correctamente
2025-11-29 23:27:56 [WARNING] Reintento de conexión
2025-11-29 23:27:56 [ERROR] Fallo en lectura de archivo
2025-11-29 23:27:56 [WARNING] Latencia elevada detectada
2025-11-29 23:27:56 [ERROR] Tiempo de espera agotado
2025-11-29 23:27:56 [ERROR] Fallo en lectura de archivo
2025-11-29 23:27:56 [WARNING] Latencia elevada detectada
2025-11-29 23:27:56 [ERROR] Fallo en lectura de archivo
2025-11-29 23:27:56 [INFO] Conexión establecida
2025-11-29 23:27:56 [INFO] Petición procesada
2025-11-29 23:27:56 [ERROR] Tiempo de espera agotado
2025-11-29 23:27:56 [WARNING] Uso de memoria sobre el 70%
2025-11-29 23:27:56 [INFO] Petición procesada
2025-11-29 23:27:56 [INFO] Conexión establecida
2025-11-29 23:27:56 [INFO] Petición procesada
2025-11-29 23:27:56 [ERROR] No se pudo conectar al servidor
2025-11-29 23:27:56 [WARNING] Latencia elevada detectada
2025-11-29 23:27:56 [WARNING] Reintento de conexión
2025-11-29 23:27:56 [ERROR] Fallo en lectura de archivo
2025-11-29 23:27:56 [WARNING] Uso de memoria sobre el 70%
2025-11-29 23:27:56 [WARNING] Reintento de conexión
2025-11-29 23:27:56 [ERROR] Tiempo de espera agotado
2025-11-29 23:27:56 [ERROR] Fallo en lectura de archivo
2025-11-29 23:27:56 [ERROR] Tiempo de espera agotado
2025-11-29 23:27:56 [ERROR] Fallo en lectura de archivo
2025-11-29 23:27:56 [ERROR] Tiempo de espera agotado
2025-11-29 23:27:56 [ERROR] Tiempo de espera agotado
2025-11-29 23:27:56 [ERROR] Tiempo de espera agotado
2025-11-29 23:27:56 [ERROR] No se pudo conectar al servidor
2025-11-29 23:27:56 [ERROR] Fallo en lectura de archivo
2025-11-29 23:27:56 [ERROR] No se pudo conectar al servidor
2025-11-29 23:27:56 [ERROR] Tiempo de espera agotado
2025-11-29 23:27:56 [WARNING] Latencia elevada detectada
2025-11-29 23:27:56 [INFO] Petición procesada
2025-11-29 23:27:56 [INFO] Petición procesada
2025-11-29 23:27:56 [INFO] Petición procesada
2025-11-29 23:27:56 [ERROR] Tiempo de espera agotado
2025-11-29 23:27:56 [ERROR] No se pudo conectar al servidor
2025-11-29 23:27:56 [WARNING] Reintento de conexión
2025-11-29 23:27:56 [ERROR] No se pudo conectar al servidor
2025-11-29 23:27:56 [INFO] Usuario autenticado correctamente
2025-11-29 23:27:56 [ERROR] Fallo en lectura de archivo
2025-11-29 23:27:56 [INFO] Conexión establecida
2025-11-29 23:27:56 [WARNING] Reintento de conexión
2025-11-29 23:27:56 [WARNING] Reintento de conexión
2025-11-29 23:27:56 [ERROR] No se pudo conectar al servidor
2025-11-29 23:27:56 [ERROR] Tiempo de espera agotado
2025-11-29 23:27:56 [ERROR] Tiempo de espera agotado
2025-11-29 23:27:56 [INFO] Petición procesada
2025-11-29 23:27:56 [WARNING] Uso de memoria sobre el 70%
2025-11-29 23:27:56 [ERROR] Fallo en lectura de archivo
2025-11-29 23:27:56 [ERROR] No se pudo conectar al servidor
2025-11-29 23:27:56 [INFO] Usuario autenticado correctamente
2025-11-29 23:27:56 [INFO] Usuario autenticado correctamente
2025-11-29 23:27:56 [WARNING] Latencia elevada detectada
2025-11-29 23:27:56 [INFO] Conexión establecida
2025-11-29 23:27:56 [ERROR] No se pudo conectar al servidor
2025-11-29 23:27:56 [INFO] Usuario autenticado correctamente
2025-11-29 23:27:56 [WARNING] Reintento de conexión
2025-11-29 23:27:56 [ERROR] No se pudo conectar al servidor
2025-11-29 23:27:56 [INFO] Petición procesada
2025-11-29 23:27:56 [WARNING] Uso de memoria sobre el 70%
2025-11-29 23:27:56 [WARNING] Latencia elevada detectada
2025-11-29 23:27:56 [INFO] Usuario autenticado correctamente
2025-11-29 23:27:56 [ERROR] Fallo en lectura de archivo
2025-11-29 23:27:56 [WARNING] Reintento de conexión
2025-11-29 23:27:56 [WARNING] Latencia elevada detectada
2025-11-29 23:27:56 [INFO] Usuario autenticado correctamente
2025-11-29 23:27:56 [WARNING] Uso de memoria sobre el 70%
2025-11-29 23:27:56 [ERROR] No se pudo conectar al servidor
2025-11-29 23:27:56 [WARNING] Uso de memoria sobre el 70%
2025-11-29 23:27:56 [INFO] Usuario autenticado correctamente
2025-11-29 23:27:56 [INFO] Conexión establecida
2025-11-29 23:27:56 [INFO] Petición procesada
2025-11-29 23:27:56 [WARNING] Reintento de conexión
2025-11-29 23:27:56 [INFO] Conexión establecida
2025-11-29 23:27:56 [INFO] Usuario autenticado correctamente
2025-11-29 23:27:56 [INFO] Petición procesada
2025-11-29 23:27:56 [WARNING] Reintento de conexión
2025-11-29 23:27:56 [ERROR] Tiempo de espera agotado
2025-11-29 23:27:56 [WARNING] Uso de memoria sobre el 70%
2025-11-29 23:27:56 [ERROR] No se pudo conectar al servidor
2025-11-29 23:27:56 [INFO] Petición procesada
2025-11-29 23:27:56 [WARNING] Latencia elevada detectada
2025-11-29 23:27:56 [ERROR] Fallo en lectura de archivo
2025-11-29 23:27:56 [INFO] Usuario autenticado correctamente
2025-11-29 23:27:56 [WARNING] Reintento de conexión
2025-11-29 23:27:56 [INFO] Petición procesada
2025-11-29 23:27:56 [ERROR] Tiempo de espera agotado
2025-11-29 23:27:56 [ERROR] Tiempo de espera agotado
2025-11-29 23:27:56 [ERROR] Tiempo de espera agotado
2025-11-29 23:27:56 [INFO] Usuario autenticado correctamente
2025-11-29 23:27:56 [WARNING] Latencia elevada detectada
2025-11-29 23:27:56 [ERROR] Fallo en lectura de archivo
2025-11-29 23:27:56 [WARNING] Latencia elevada detectada
2025-11-29 23:27:56 [WARNING] Uso de memoria sobre el 70%
2025-11-29 23:27:56 [INFO] Conexión establecida
2025-11-29 23:27:56 [ERROR] Tiempo de espera agotado
2025-11-29 23:27:56 [INFO] Petición procesada
2025-11-29 23:27:56 [INFO] Petición procesada
2025-11-29 23:27:56 [INFO] Petición procesada
2025-11-29 23:27:56 [ERROR] No se pudo conectar al servidor
2025-11-29 23:27:56 [ERROR] No se pudo conectar al servidor
2025-11-29 23:27:56 [INFO] Usuario autenticado correctamente
2025-11-29 23:27:56 [INFO] Usuario autenticado correctamente
2025-11-29 23:27:56 [WARNING] Latencia elevada detectada
2025-11-29 23:27:56 [ERROR] Fallo en lectura de archivo
2025-11-29 23:27:56 [WARNING] Latencia elevada detectada
2025-11-29 23:27:56 [INFO] Petición procesada
2025-11-29 23:27:56 [ERROR] Tiempo de espera agotado
2025-11-29 23:27:56 [ERROR] No se pudo conectar al servidor
2025-11-29 23:27:56 [WARNING] Uso de memoria sobre el 70%
2025-11-29 23:27:56 [INFO] Usuario autenticado correctamente
2025-11-29 23:27:56 [WARNING] Uso de memoria sobre el 70%
2025-11-29 23:27:56 [ERROR] No se pudo conectar al servidor
2025-11-29 23:27:56 [WARNING] Reintento de conexión
2025-11-29 23:27:56 [INFO] Petición procesada
2025-11-29 23:27:56 [ERROR] Tiempo de espera agotado
2025-11-29 23:27:56 [INFO] Usuario autenticado correctamente
2025-11-29 23:27:56 [WARNING] Uso de memoria sobre el 70%
2025-11-29 23:27:56 [INFO] Conexión establecida
2025-11-29 23:27:56 [ERROR] Tiempo de espera agotado
2025-11-29 23:27:56 [WARNING] Uso de memoria sobre el 70%
2025-11-29 23:27:56 [INFO] Usuario autenticado correctamente
2025-11-29 23:27:56 [WARNING] Latencia elevada detectada
2025-11-29 23:27:56 [INFO] Usuario autenticado correctamente
2025-11-29 23:27:56 [WARNING] Uso de memoria sobre el 70%
2025-11-29 23:27:56 [INFO] Conexión establecida
2025-11-29 23:27:56 [WARNING] Reintento de conexión
2025-11-29 23:27:56 [WARNING] Reintento de conexión
2025-11-29 23:27:56 [WARNING] Reintento de conexión
2025-11-29 23:27:56 [ERROR] Fallo en lectura de archivo
2025-11-29 23:27:56 [WARNING] Uso de memoria sobre el 70%
2025-11-29 23:27:56 [INFO] Usuario autenticado correctamente
2025-11-29 23:27:56 [WARNING] Reintento de conexión
2025-11-29 23:27:56 [ERROR] Fallo en lectura de archivo
2025-11-29 23:27:56 [ERROR] No se pudo conectar al servidor
2025-11-29 23:27:56 [WARNING] Latencia elevada detectada
2025-11-29 23:27:56 [WARNING] Uso de memoria sobre el 70%
